[2021-01-26T08:41:47.305] [INFO] default - ログテストです。
[2021-01-26T08:42:28.967] [INFO] default - ログテストです。
[2021-01-26T11:40:36.040] [ERROR] default - TypeError: verifier.verify is not a function
    at /app/routes/login.js:24:33
    at Layer.handle [as handle_request] (/app/node_modules/express/lib/router/layer.js:95:5)
    at next (/app/node_modules/express/lib/router/route.js:137:13)
    at Route.dispatch (/app/node_modules/express/lib/router/route.js:112:3)
    at Layer.handle [as handle_request] (/app/node_modules/express/lib/router/layer.js:95:5)
    at /app/node_modules/express/lib/router/index.js:281:22
    at Function.process_params (/app/node_modules/express/lib/router/index.js:335:12)
    at next (/app/node_modules/express/lib/router/index.js:275:10)
    at Function.handle (/app/node_modules/express/lib/router/index.js:174:3)
    at router (/app/node_modules/express/lib/router/index.js:47:12)
[2021-01-26T11:42:06.327] [ERROR] default - TypeError: OAuth2Client is not a constructor
    at Object.verify (/app/my_modules/verifier.js:12:24)
    at /app/routes/login.js:24:33
    at Layer.handle [as handle_request] (/app/node_modules/express/lib/router/layer.js:95:5)
    at next (/app/node_modules/express/lib/router/route.js:137:13)
    at Route.dispatch (/app/node_modules/express/lib/router/route.js:112:3)
    at Layer.handle [as handle_request] (/app/node_modules/express/lib/router/layer.js:95:5)
    at /app/node_modules/express/lib/router/index.js:281:22
    at Function.process_params (/app/node_modules/express/lib/router/index.js:335:12)
    at next (/app/node_modules/express/lib/router/index.js:275:10)
    at Function.handle (/app/node_modules/express/lib/router/index.js:174:3)
[2021-01-26T11:42:06.328] [ERROR] default - TypeError: OAuth2Client is not a constructor
    at Object.verify (/app/my_modules/verifier.js:12:24)
    at /app/routes/login.js:24:33
    at Layer.handle [as handle_request] (/app/node_modules/express/lib/router/layer.js:95:5)
    at next (/app/node_modules/express/lib/router/route.js:137:13)
    at Route.dispatch (/app/node_modules/express/lib/router/route.js:112:3)
    at Layer.handle [as handle_request] (/app/node_modules/express/lib/router/layer.js:95:5)
    at /app/node_modules/express/lib/router/index.js:281:22
    at Function.process_params (/app/node_modules/express/lib/router/index.js:335:12)
    at next (/app/node_modules/express/lib/router/index.js:275:10)
    at Function.handle (/app/node_modules/express/lib/router/index.js:174:3)
[2021-01-26T11:42:10.973] [ERROR] default - TypeError: OAuth2Client is not a constructor
    at Object.verify (/app/my_modules/verifier.js:12:24)
    at /app/routes/login.js:24:33
    at Layer.handle [as handle_request] (/app/node_modules/express/lib/router/layer.js:95:5)
    at next (/app/node_modules/express/lib/router/route.js:137:13)
    at Route.dispatch (/app/node_modules/express/lib/router/route.js:112:3)
    at Layer.handle [as handle_request] (/app/node_modules/express/lib/router/layer.js:95:5)
    at /app/node_modules/express/lib/router/index.js:281:22
    at Function.process_params (/app/node_modules/express/lib/router/index.js:335:12)
    at next (/app/node_modules/express/lib/router/index.js:275:10)
    at Function.handle (/app/node_modules/express/lib/router/index.js:174:3)
[2021-01-26T11:42:10.974] [ERROR] default - TypeError: OAuth2Client is not a constructor
    at Object.verify (/app/my_modules/verifier.js:12:24)
    at /app/routes/login.js:24:33
    at Layer.handle [as handle_request] (/app/node_modules/express/lib/router/layer.js:95:5)
    at next (/app/node_modules/express/lib/router/route.js:137:13)
    at Route.dispatch (/app/node_modules/express/lib/router/route.js:112:3)
    at Layer.handle [as handle_request] (/app/node_modules/express/lib/router/layer.js:95:5)
    at /app/node_modules/express/lib/router/index.js:281:22
    at Function.process_params (/app/node_modules/express/lib/router/index.js:335:12)
    at next (/app/node_modules/express/lib/router/index.js:275:10)
    at Function.handle (/app/node_modules/express/lib/router/index.js:174:3)
[2021-01-26T11:57:05.118] [ERROR] default - TypeError: ticket.getPayload is not a function
    at Object.verify (/app/my_modules/verifier.js:20:32)
    at /app/routes/login.js:24:33
    at Layer.handle [as handle_request] (/app/node_modules/express/lib/router/layer.js:95:5)
    at next (/app/node_modules/express/lib/router/route.js:137:13)
    at Route.dispatch (/app/node_modules/express/lib/router/route.js:112:3)
    at Layer.handle [as handle_request] (/app/node_modules/express/lib/router/layer.js:95:5)
    at /app/node_modules/express/lib/router/index.js:281:22
    at Function.process_params (/app/node_modules/express/lib/router/index.js:335:12)
    at next (/app/node_modules/express/lib/router/index.js:275:10)
    at Function.handle (/app/node_modules/express/lib/router/index.js:174:3)
[2021-01-26T11:57:05.119] [ERROR] default - TypeError: ticket.getPayload is not a function
    at Object.verify (/app/my_modules/verifier.js:20:32)
    at /app/routes/login.js:24:33
    at Layer.handle [as handle_request] (/app/node_modules/express/lib/router/layer.js:95:5)
    at next (/app/node_modules/express/lib/router/route.js:137:13)
    at Route.dispatch (/app/node_modules/express/lib/router/route.js:112:3)
    at Layer.handle [as handle_request] (/app/node_modules/express/lib/router/layer.js:95:5)
    at /app/node_modules/express/lib/router/index.js:281:22
    at Function.process_params (/app/node_modules/express/lib/router/index.js:335:12)
    at next (/app/node_modules/express/lib/router/index.js:275:10)
    at Function.handle (/app/node_modules/express/lib/router/index.js:174:3)
[2021-01-26T11:57:09.392] [ERROR] default - TypeError: ticket.getPayload is not a function
    at Object.verify (/app/my_modules/verifier.js:20:32)
    at /app/routes/login.js:24:33
    at Layer.handle [as handle_request] (/app/node_modules/express/lib/router/layer.js:95:5)
    at next (/app/node_modules/express/lib/router/route.js:137:13)
    at Route.dispatch (/app/node_modules/express/lib/router/route.js:112:3)
    at Layer.handle [as handle_request] (/app/node_modules/express/lib/router/layer.js:95:5)
    at /app/node_modules/express/lib/router/index.js:281:22
    at Function.process_params (/app/node_modules/express/lib/router/index.js:335:12)
    at next (/app/node_modules/express/lib/router/index.js:275:10)
    at Function.handle (/app/node_modules/express/lib/router/index.js:174:3)
[2021-01-26T11:57:09.393] [ERROR] default - TypeError: ticket.getPayload is not a function
    at Object.verify (/app/my_modules/verifier.js:20:32)
    at /app/routes/login.js:24:33
    at Layer.handle [as handle_request] (/app/node_modules/express/lib/router/layer.js:95:5)
    at next (/app/node_modules/express/lib/router/route.js:137:13)
    at Route.dispatch (/app/node_modules/express/lib/router/route.js:112:3)
    at Layer.handle [as handle_request] (/app/node_modules/express/lib/router/layer.js:95:5)
    at /app/node_modules/express/lib/router/index.js:281:22
    at Function.process_params (/app/node_modules/express/lib/router/index.js:335:12)
    at next (/app/node_modules/express/lib/router/index.js:275:10)
    at Function.handle (/app/node_modules/express/lib/router/index.js:174:3)
[2021-01-26T11:57:52.865] [ERROR] default - TypeError: ticket.getPayload is not a function
    at Object.verify (/app/my_modules/verifier.js:25:32)
    at /app/routes/login.js:24:33
    at Layer.handle [as handle_request] (/app/node_modules/express/lib/router/layer.js:95:5)
    at next (/app/node_modules/express/lib/router/route.js:137:13)
    at Route.dispatch (/app/node_modules/express/lib/router/route.js:112:3)
    at Layer.handle [as handle_request] (/app/node_modules/express/lib/router/layer.js:95:5)
    at /app/node_modules/express/lib/router/index.js:281:22
    at Function.process_params (/app/node_modules/express/lib/router/index.js:335:12)
    at next (/app/node_modules/express/lib/router/index.js:275:10)
    at Function.handle (/app/node_modules/express/lib/router/index.js:174:3)
[2021-01-26T11:57:52.866] [ERROR] default - TypeError: ticket.getPayload is not a function
    at Object.verify (/app/my_modules/verifier.js:25:32)
    at /app/routes/login.js:24:33
    at Layer.handle [as handle_request] (/app/node_modules/express/lib/router/layer.js:95:5)
    at next (/app/node_modules/express/lib/router/route.js:137:13)
    at Route.dispatch (/app/node_modules/express/lib/router/route.js:112:3)
    at Layer.handle [as handle_request] (/app/node_modules/express/lib/router/layer.js:95:5)
    at /app/node_modules/express/lib/router/index.js:281:22
    at Function.process_params (/app/node_modules/express/lib/router/index.js:335:12)
    at next (/app/node_modules/express/lib/router/index.js:275:10)
    at Function.handle (/app/node_modules/express/lib/router/index.js:174:3)
[2021-01-26T11:57:56.742] [ERROR] default - TypeError: ticket.getPayload is not a function
    at Object.verify (/app/my_modules/verifier.js:25:32)
    at /app/routes/login.js:24:33
    at Layer.handle [as handle_request] (/app/node_modules/express/lib/router/layer.js:95:5)
    at next (/app/node_modules/express/lib/router/route.js:137:13)
    at Route.dispatch (/app/node_modules/express/lib/router/route.js:112:3)
    at Layer.handle [as handle_request] (/app/node_modules/express/lib/router/layer.js:95:5)
    at /app/node_modules/express/lib/router/index.js:281:22
    at Function.process_params (/app/node_modules/express/lib/router/index.js:335:12)
    at next (/app/node_modules/express/lib/router/index.js:275:10)
    at Function.handle (/app/node_modules/express/lib/router/index.js:174:3)
[2021-01-26T11:57:56.743] [ERROR] default - TypeError: ticket.getPayload is not a function
    at Object.verify (/app/my_modules/verifier.js:25:32)
    at /app/routes/login.js:24:33
    at Layer.handle [as handle_request] (/app/node_modules/express/lib/router/layer.js:95:5)
    at next (/app/node_modules/express/lib/router/route.js:137:13)
    at Route.dispatch (/app/node_modules/express/lib/router/route.js:112:3)
    at Layer.handle [as handle_request] (/app/node_modules/express/lib/router/layer.js:95:5)
    at /app/node_modules/express/lib/router/index.js:281:22
    at Function.process_params (/app/node_modules/express/lib/router/index.js:335:12)
    at next (/app/node_modules/express/lib/router/index.js:275:10)
    at Function.handle (/app/node_modules/express/lib/router/index.js:174:3)
[2021-01-26T11:58:42.026] [ERROR] default - TypeError: ticket.getPayload is not a function
    at Object.verify (/app/my_modules/verifier.js:23:32)
    at /app/routes/login.js:24:33
    at Layer.handle [as handle_request] (/app/node_modules/express/lib/router/layer.js:95:5)
    at next (/app/node_modules/express/lib/router/route.js:137:13)
    at Route.dispatch (/app/node_modules/express/lib/router/route.js:112:3)
    at Layer.handle [as handle_request] (/app/node_modules/express/lib/router/layer.js:95:5)
    at /app/node_modules/express/lib/router/index.js:281:22
    at Function.process_params (/app/node_modules/express/lib/router/index.js:335:12)
    at next (/app/node_modules/express/lib/router/index.js:275:10)
    at Function.handle (/app/node_modules/express/lib/router/index.js:174:3)
[2021-01-26T11:58:42.028] [ERROR] default - TypeError: ticket.getPayload is not a function
    at Object.verify (/app/my_modules/verifier.js:23:32)
    at /app/routes/login.js:24:33
    at Layer.handle [as handle_request] (/app/node_modules/express/lib/router/layer.js:95:5)
    at next (/app/node_modules/express/lib/router/route.js:137:13)
    at Route.dispatch (/app/node_modules/express/lib/router/route.js:112:3)
    at Layer.handle [as handle_request] (/app/node_modules/express/lib/router/layer.js:95:5)
    at /app/node_modules/express/lib/router/index.js:281:22
    at Function.process_params (/app/node_modules/express/lib/router/index.js:335:12)
    at next (/app/node_modules/express/lib/router/index.js:275:10)
    at Function.handle (/app/node_modules/express/lib/router/index.js:174:3)
[2021-01-26T11:58:45.494] [ERROR] default - TypeError: ticket.getPayload is not a function
    at Object.verify (/app/my_modules/verifier.js:23:32)
    at /app/routes/login.js:24:33
    at Layer.handle [as handle_request] (/app/node_modules/express/lib/router/layer.js:95:5)
    at next (/app/node_modules/express/lib/router/route.js:137:13)
    at Route.dispatch (/app/node_modules/express/lib/router/route.js:112:3)
    at Layer.handle [as handle_request] (/app/node_modules/express/lib/router/layer.js:95:5)
    at /app/node_modules/express/lib/router/index.js:281:22
    at Function.process_params (/app/node_modules/express/lib/router/index.js:335:12)
    at next (/app/node_modules/express/lib/router/index.js:275:10)
    at Function.handle (/app/node_modules/express/lib/router/index.js:174:3)
[2021-01-26T11:58:45.495] [ERROR] default - TypeError: ticket.getPayload is not a function
    at Object.verify (/app/my_modules/verifier.js:23:32)
    at /app/routes/login.js:24:33
    at Layer.handle [as handle_request] (/app/node_modules/express/lib/router/layer.js:95:5)
    at next (/app/node_modules/express/lib/router/route.js:137:13)
    at Route.dispatch (/app/node_modules/express/lib/router/route.js:112:3)
    at Layer.handle [as handle_request] (/app/node_modules/express/lib/router/layer.js:95:5)
    at /app/node_modules/express/lib/router/index.js:281:22
    at Function.process_params (/app/node_modules/express/lib/router/index.js:335:12)
    at next (/app/node_modules/express/lib/router/index.js:275:10)
    at Function.handle (/app/node_modules/express/lib/router/index.js:174:3)
[2021-01-26T12:00:46.666] [INFO] default - payload {
  "iss": "accounts.google.com",
  "azp": "25935528938-pdch6ucs5og14rfi3o5s093bq33cbrsb.apps.googleusercontent.com",
  "aud": "25935528938-pdch6ucs5og14rfi3o5s093bq33cbrsb.apps.googleusercontent.com",
  "sub": "103782358065851471283",
  "email": "rendou080@gmail.com",
  "email_verified": true,
  "at_hash": "4Hiz9incUIkUYXyN32Ni3A",
  "name": "q qqq",
  "picture": "https://lh6.googleusercontent.com/-7EFOPo4EKpU/AAAAAAAAAAI/AAAAAAAAAAA/AMZuuclCrjhnfCvx-eNsPOqLZFa1f1LYFA/s96-c/photo.jpg",
  "given_name": "q",
  "family_name": "qqq",
  "locale": "ja",
  "iat": 1611662445,
  "exp": 1611666045,
  "jti": "00162bed6b3b914e5ea8b2c0593901fb467d21e9"
}
[2021-01-26T12:00:50.288] [INFO] default - payload {
  "iss": "accounts.google.com",
  "azp": "25935528938-pdch6ucs5og14rfi3o5s093bq33cbrsb.apps.googleusercontent.com",
  "aud": "25935528938-pdch6ucs5og14rfi3o5s093bq33cbrsb.apps.googleusercontent.com",
  "sub": "103782358065851471283",
  "email": "rendou080@gmail.com",
  "email_verified": true,
  "at_hash": "rGi3o8VLquxT-4SCyB8tbg",
  "name": "q qqq",
  "picture": "https://lh6.googleusercontent.com/-7EFOPo4EKpU/AAAAAAAAAAI/AAAAAAAAAAA/AMZuuclCrjhnfCvx-eNsPOqLZFa1f1LYFA/s96-c/photo.jpg",
  "given_name": "q",
  "family_name": "qqq",
  "locale": "ja",
  "iat": 1611662449,
  "exp": 1611666049,
  "jti": "854a69ec331942472e007e0d5b38e5106bcb8522"
}
[2021-01-26T12:02:58.604] [INFO] default - payload {
  "iss": "accounts.google.com",
  "azp": "25935528938-pdch6ucs5og14rfi3o5s093bq33cbrsb.apps.googleusercontent.com",
  "aud": "25935528938-pdch6ucs5og14rfi3o5s093bq33cbrsb.apps.googleusercontent.com",
  "sub": "103782358065851471283",
  "email": "rendou080@gmail.com",
  "email_verified": true,
  "at_hash": "Rm3snZzvmSwDUcr7Kda16A",
  "name": "q qqq",
  "picture": "https://lh6.googleusercontent.com/-7EFOPo4EKpU/AAAAAAAAAAI/AAAAAAAAAAA/AMZuuclCrjhnfCvx-eNsPOqLZFa1f1LYFA/s96-c/photo.jpg",
  "given_name": "q",
  "family_name": "qqq",
  "locale": "ja",
  "iat": 1611662577,
  "exp": 1611666177,
  "jti": "656ce291d1609e98a632f63ed4bc84b93204ab48"
}
[2021-01-26T12:03:08.722] [INFO] default - payload {
  "iss": "accounts.google.com",
  "azp": "25935528938-pdch6ucs5og14rfi3o5s093bq33cbrsb.apps.googleusercontent.com",
  "aud": "25935528938-pdch6ucs5og14rfi3o5s093bq33cbrsb.apps.googleusercontent.com",
  "sub": "110338802798629369109",
  "email": "aizucopy1250@gmail.com",
  "email_verified": true,
  "at_hash": "dgNjj3tS-g69ubyvXA6pfw",
  "name": "梅侑",
  "picture": "https://lh6.googleusercontent.com/-NDJOaG9n0Iw/AAAAAAAAAAI/AAAAAAAAAAA/AMZuuck46wHmFLfpwEldEhgMGlbnGG3Xig/s96-c/photo.jpg",
  "given_name": "侑",
  "family_name": "梅",
  "locale": "ja",
  "iat": 1611662587,
  "exp": 1611666187,
  "jti": "d9b458ba37b79a3a19cae8afab4ea919dc47d383"
}
[2021-01-26T12:04:49.023] [INFO] default - payload {
  "iss": "accounts.google.com",
  "azp": "25935528938-pdch6ucs5og14rfi3o5s093bq33cbrsb.apps.googleusercontent.com",
  "aud": "25935528938-pdch6ucs5og14rfi3o5s093bq33cbrsb.apps.googleusercontent.com",
  "sub": "112334248772067915164",
  "email": "randou080@gmail.com",
  "email_verified": true,
  "at_hash": "iUjQcuzeRVo1lnyYMg7VWg",
  "name": "梅田侑希",
  "picture": "https://lh3.googleusercontent.com/a-/AOh14Gi9H9gFtO0KHtvH0RjFNvK7i7ycPBhReE1yVZW9=s96-c",
  "given_name": "侑希",
  "family_name": "梅田",
  "locale": "ja",
  "iat": 1611662687,
  "exp": 1611666287,
  "jti": "aa80fa63b146d1142a28348ec4ce561e98416026"
}
[2021-01-26T12:05:16.553] [INFO] default - payload {
  "iss": "accounts.google.com",
  "azp": "25935528938-pdch6ucs5og14rfi3o5s093bq33cbrsb.apps.googleusercontent.com",
  "aud": "25935528938-pdch6ucs5og14rfi3o5s093bq33cbrsb.apps.googleusercontent.com",
  "sub": "103782358065851471283",
  "email": "rendou080@gmail.com",
  "email_verified": true,
  "at_hash": "_8DD6_UAMAIE8zZK9ue-3Q",
  "name": "q qqq",
  "picture": "https://lh6.googleusercontent.com/-7EFOPo4EKpU/AAAAAAAAAAI/AAAAAAAAAAA/AMZuuclCrjhnfCvx-eNsPOqLZFa1f1LYFA/s96-c/photo.jpg",
  "given_name": "q",
  "family_name": "qqq",
  "locale": "ja",
  "iat": 1611662715,
  "exp": 1611666315,
  "jti": "8cf4c799b19239c827034b0f1a9fd121be601d70"
}
[2021-01-26T12:05:23.078] [INFO] default - payload {
  "iss": "accounts.google.com",
  "azp": "25935528938-pdch6ucs5og14rfi3o5s093bq33cbrsb.apps.googleusercontent.com",
  "aud": "25935528938-pdch6ucs5og14rfi3o5s093bq33cbrsb.apps.googleusercontent.com",
  "sub": "103782358065851471283",
  "email": "rendou080@gmail.com",
  "email_verified": true,
  "at_hash": "481utcCQrgpSbAPVGSf29A",
  "name": "q qqq",
  "picture": "https://lh6.googleusercontent.com/-7EFOPo4EKpU/AAAAAAAAAAI/AAAAAAAAAAA/AMZuuclCrjhnfCvx-eNsPOqLZFa1f1LYFA/s96-c/photo.jpg",
  "given_name": "q",
  "family_name": "qqq",
  "locale": "ja",
  "iat": 1611662721,
  "exp": 1611666321,
  "jti": "b826961b0fc5fbc247167cb0d5ee6d1ec4764ff0"
}
[2021-01-26T12:05:26.945] [INFO] default - payload {
  "iss": "accounts.google.com",
  "azp": "25935528938-pdch6ucs5og14rfi3o5s093bq33cbrsb.apps.googleusercontent.com",
  "aud": "25935528938-pdch6ucs5og14rfi3o5s093bq33cbrsb.apps.googleusercontent.com",
  "sub": "110338802798629369109",
  "email": "aizucopy1250@gmail.com",
  "email_verified": true,
  "at_hash": "UrWPDXsMzgqFWeyONNgQJg",
  "name": "梅侑",
  "picture": "https://lh6.googleusercontent.com/-NDJOaG9n0Iw/AAAAAAAAAAI/AAAAAAAAAAA/AMZuuck46wHmFLfpwEldEhgMGlbnGG3Xig/s96-c/photo.jpg",
  "given_name": "侑",
  "family_name": "梅",
  "locale": "ja",
  "iat": 1611662725,
  "exp": 1611666325,
  "jti": "8f34e213548ffc9abd3c7dfe112ee0973f819987"
}
[2021-01-26T12:05:32.331] [INFO] default - payload {
  "iss": "accounts.google.com",
  "azp": "25935528938-pdch6ucs5og14rfi3o5s093bq33cbrsb.apps.googleusercontent.com",
  "aud": "25935528938-pdch6ucs5og14rfi3o5s093bq33cbrsb.apps.googleusercontent.com",
  "sub": "103782358065851471283",
  "email": "rendou080@gmail.com",
  "email_verified": true,
  "at_hash": "OCXzns4-Z52UxhevE68eWQ",
  "name": "q qqq",
  "picture": "https://lh6.googleusercontent.com/-7EFOPo4EKpU/AAAAAAAAAAI/AAAAAAAAAAA/AMZuuclCrjhnfCvx-eNsPOqLZFa1f1LYFA/s96-c/photo.jpg",
  "given_name": "q",
  "family_name": "qqq",
  "locale": "ja",
  "iat": 1611662731,
  "exp": 1611666331,
  "jti": "d84b62096c03102ef5c8a97a7f36f02976493f75"
}
[2021-01-26T12:07:26.338] [INFO] default - payload {
  "iss": "accounts.google.com",
  "azp": "25935528938-pdch6ucs5og14rfi3o5s093bq33cbrsb.apps.googleusercontent.com",
  "aud": "25935528938-pdch6ucs5og14rfi3o5s093bq33cbrsb.apps.googleusercontent.com",
  "sub": "103782358065851471283",
  "email": "rendou080@gmail.com",
  "email_verified": true,
  "at_hash": "6fNsqfdNCSOiU9TiyimKMw",
  "name": "q qqq",
  "picture": "https://lh6.googleusercontent.com/-7EFOPo4EKpU/AAAAAAAAAAI/AAAAAAAAAAA/AMZuuclCrjhnfCvx-eNsPOqLZFa1f1LYFA/s96-c/photo.jpg",
  "given_name": "q",
  "family_name": "qqq",
  "locale": "ja",
  "iat": 1611662845,
  "exp": 1611666445,
  "jti": "48a5cef15bde0c727cbc804381a8235738e27458"
}
[2021-01-26T12:55:37.387] [INFO] default - payload {
  "iss": "accounts.google.com",
  "azp": "25935528938-pdch6ucs5og14rfi3o5s093bq33cbrsb.apps.googleusercontent.com",
  "aud": "25935528938-pdch6ucs5og14rfi3o5s093bq33cbrsb.apps.googleusercontent.com",
  "sub": "103782358065851471283",
  "email": "rendou080@gmail.com",
  "email_verified": true,
  "at_hash": "XAQq9YIBKYB9jEVADF5ROg",
  "name": "q qqq",
  "picture": "https://lh6.googleusercontent.com/-7EFOPo4EKpU/AAAAAAAAAAI/AAAAAAAAAAA/AMZuuclCrjhnfCvx-eNsPOqLZFa1f1LYFA/s96-c/photo.jpg",
  "given_name": "q",
  "family_name": "qqq",
  "locale": "ja",
  "iat": 1611665736,
  "exp": 1611669336,
  "jti": "9157e5537d3480ae74350c724f204ad870b5f056"
}
[2021-01-26T12:55:37.393] [ERROR] default - Error: ER_NO_SUCH_TABLE: Table 'taskul_db.user' doesn't exist
    at Query.Sequence._packetToError (/app/node_modules/mysql/lib/protocol/sequences/Sequence.js:47:14)
    at Query.ErrorPacket (/app/node_modules/mysql/lib/protocol/sequences/Query.js:79:18)
    at Protocol._parsePacket (/app/node_modules/mysql/lib/protocol/Protocol.js:291:23)
    at Parser._parsePacket (/app/node_modules/mysql/lib/protocol/Parser.js:433:10)
    at Parser.write (/app/node_modules/mysql/lib/protocol/Parser.js:43:10)
    at Protocol.write (/app/node_modules/mysql/lib/protocol/Protocol.js:38:16)
    at Socket.<anonymous> (/app/node_modules/mysql/lib/Connection.js:88:28)
    at Socket.<anonymous> (/app/node_modules/mysql/lib/Connection.js:526:10)
    at Socket.emit (node:events:327:20)
    at addChunk (node:internal/streams/readable:304:12)
    --------------------
    at Protocol._enqueue (/app/node_modules/mysql/lib/protocol/Protocol.js:144:48)
    at Connection.query (/app/node_modules/mysql/lib/Connection.js:198:25)
    at /app/my_modules/transaction.js:25:29
    at new Promise (<anonymous>)
    at transaction.query (/app/my_modules/transaction.js:24:16)
    at /app/routes/login.js:31:46
    at processTicksAndRejections (node:internal/process/task_queues:93:5) {
  code: 'ER_NO_SUCH_TABLE',
  errno: 1146,
  sqlMessage: "Table 'taskul_db.user' doesn't exist",
  sqlState: '42S02',
  index: 0,
  sql: "select * from user where sub='103782358065851471283'"
}
[2021-01-26T12:56:28.644] [INFO] default - payload {
  "iss": "accounts.google.com",
  "azp": "25935528938-pdch6ucs5og14rfi3o5s093bq33cbrsb.apps.googleusercontent.com",
  "aud": "25935528938-pdch6ucs5og14rfi3o5s093bq33cbrsb.apps.googleusercontent.com",
  "sub": "103782358065851471283",
  "email": "rendou080@gmail.com",
  "email_verified": true,
  "at_hash": "2TUUte39cLwzWgRZf4_IZg",
  "name": "q qqq",
  "picture": "https://lh6.googleusercontent.com/-7EFOPo4EKpU/AAAAAAAAAAI/AAAAAAAAAAA/AMZuuclCrjhnfCvx-eNsPOqLZFa1f1LYFA/s96-c/photo.jpg",
  "given_name": "q",
  "family_name": "qqq",
  "locale": "ja",
  "iat": 1611665787,
  "exp": 1611669387,
  "jti": "19b6594d4316f6cb13f8b828ee8a1a7cef7fd478"
}
[2021-01-26T12:56:28.666] [ERROR] default - ReferenceError: mysqlPromise is not defined
    at /app/routes/login.js:51:21
    at processTicksAndRejections (node:internal/process/task_queues:93:5)
[2021-01-26T12:56:52.903] [INFO] default - payload {
  "iss": "accounts.google.com",
  "azp": "25935528938-pdch6ucs5og14rfi3o5s093bq33cbrsb.apps.googleusercontent.com",
  "aud": "25935528938-pdch6ucs5og14rfi3o5s093bq33cbrsb.apps.googleusercontent.com",
  "sub": "103782358065851471283",
  "email": "rendou080@gmail.com",
  "email_verified": true,
  "at_hash": "vPm-QFDcugbih9OTSkfOqQ",
  "name": "q qqq",
  "picture": "https://lh6.googleusercontent.com/-7EFOPo4EKpU/AAAAAAAAAAI/AAAAAAAAAAA/AMZuuclCrjhnfCvx-eNsPOqLZFa1f1LYFA/s96-c/photo.jpg",
  "given_name": "q",
  "family_name": "qqq",
  "locale": "ja",
  "iat": 1611665811,
  "exp": 1611669411,
  "jti": "65f4b3cb5ab75ec943b46f34e33fb8feceb5f1ea"
}
[2021-01-26T12:56:52.910] [ERROR] default - ReferenceError: connection is not defined
    at /app/routes/login.js:51:37
    at processTicksAndRejections (node:internal/process/task_queues:93:5)
[2021-01-26T12:57:12.012] [INFO] default - payload {
  "iss": "accounts.google.com",
  "azp": "25935528938-pdch6ucs5og14rfi3o5s093bq33cbrsb.apps.googleusercontent.com",
  "aud": "25935528938-pdch6ucs5og14rfi3o5s093bq33cbrsb.apps.googleusercontent.com",
  "sub": "103782358065851471283",
  "email": "rendou080@gmail.com",
  "email_verified": true,
  "at_hash": "XRozB8LfmceMqMJDARoiWQ",
  "name": "q qqq",
  "picture": "https://lh6.googleusercontent.com/-7EFOPo4EKpU/AAAAAAAAAAI/AAAAAAAAAAA/AMZuuclCrjhnfCvx-eNsPOqLZFa1f1LYFA/s96-c/photo.jpg",
  "given_name": "q",
  "family_name": "qqq",
  "locale": "ja",
  "iat": 1611665830,
  "exp": 1611669430,
  "jti": "5d14f0ad7fe13e089b546e5516282c1cc3c99e4c"
}
[2021-01-26T12:57:31.284] [INFO] default - payload {
  "iss": "accounts.google.com",
  "azp": "25935528938-pdch6ucs5og14rfi3o5s093bq33cbrsb.apps.googleusercontent.com",
  "aud": "25935528938-pdch6ucs5og14rfi3o5s093bq33cbrsb.apps.googleusercontent.com",
  "sub": "110338802798629369109",
  "email": "aizucopy1250@gmail.com",
  "email_verified": true,
  "at_hash": "zqOyRBBDgSJSRFDMdpBvEw",
  "name": "梅侑",
  "picture": "https://lh6.googleusercontent.com/-NDJOaG9n0Iw/AAAAAAAAAAI/AAAAAAAAAAA/AMZuuck46wHmFLfpwEldEhgMGlbnGG3Xig/s96-c/photo.jpg",
  "given_name": "侑",
  "family_name": "梅",
  "locale": "ja",
  "iat": 1611665850,
  "exp": 1611669450,
  "jti": "330fed87147743eb97466e97f4c4db88cbaf2e79"
}
[2021-01-26T12:57:41.745] [INFO] default - payload {
  "iss": "accounts.google.com",
  "azp": "25935528938-pdch6ucs5og14rfi3o5s093bq33cbrsb.apps.googleusercontent.com",
  "aud": "25935528938-pdch6ucs5og14rfi3o5s093bq33cbrsb.apps.googleusercontent.com",
  "sub": "107346180735058406260",
  "email": "yamadayamadatarotaro751@gmail.com",
  "email_verified": true,
  "at_hash": "4XTj-gIW9qy9My0OV2bKYg",
  "name": "山田太郎",
  "picture": "https://lh6.googleusercontent.com/-RRnhu2ciIrg/AAAAAAAAAAI/AAAAAAAAAAA/AMZuuclwLOSueT1YSmGWACaPDhyp8BDFZw/s96-c/photo.jpg",
  "given_name": "太郎",
  "family_name": "山田",
  "locale": "ja",
  "iat": 1611665860,
  "exp": 1611669460,
  "jti": "560f19903288aceb3259ded2349f9bd6e0123823"
}
[2021-01-26T12:57:59.223] [INFO] default - payload {
  "iss": "accounts.google.com",
  "azp": "25935528938-pdch6ucs5og14rfi3o5s093bq33cbrsb.apps.googleusercontent.com",
  "aud": "25935528938-pdch6ucs5og14rfi3o5s093bq33cbrsb.apps.googleusercontent.com",
  "sub": "103782358065851471283",
  "email": "rendou080@gmail.com",
  "email_verified": true,
  "at_hash": "ojMq5XVl3hCFYzjOLLA7aQ",
  "name": "q qqq",
  "picture": "https://lh6.googleusercontent.com/-7EFOPo4EKpU/AAAAAAAAAAI/AAAAAAAAAAA/AMZuuclCrjhnfCvx-eNsPOqLZFa1f1LYFA/s96-c/photo.jpg",
  "given_name": "q",
  "family_name": "qqq",
  "locale": "ja",
  "iat": 1611665877,
  "exp": 1611669477,
  "jti": "bfb8f77297dd6647c3b1e307d37cc3c777463a4b"
}
[2021-01-26T13:06:18.542] [INFO] default - payload {
  "iss": "accounts.google.com",
  "azp": "25935528938-pdch6ucs5og14rfi3o5s093bq33cbrsb.apps.googleusercontent.com",
  "aud": "25935528938-pdch6ucs5og14rfi3o5s093bq33cbrsb.apps.googleusercontent.com",
  "sub": "103782358065851471283",
  "email": "rendou080@gmail.com",
  "email_verified": true,
  "at_hash": "D093G9AbHz9e1wRnFQ624g",
  "name": "q qqq",
  "picture": "https://lh6.googleusercontent.com/-7EFOPo4EKpU/AAAAAAAAAAI/AAAAAAAAAAA/AMZuuclCrjhnfCvx-eNsPOqLZFa1f1LYFA/s96-c/photo.jpg",
  "given_name": "q",
  "family_name": "qqq",
  "locale": "ja",
  "iat": 1611666377,
  "exp": 1611669977,
  "jti": "e546f3b28e464907cd43f72e5188dcc8f6d4eb87"
}
[2021-01-26T13:06:18.550] [ERROR] default - ReferenceError: id is not defined
    at /app/routes/login.js:31:87
    at processTicksAndRejections (node:internal/process/task_queues:93:5)
[2021-01-26T13:06:37.474] [INFO] default - payload {
  "iss": "accounts.google.com",
  "azp": "25935528938-pdch6ucs5og14rfi3o5s093bq33cbrsb.apps.googleusercontent.com",
  "aud": "25935528938-pdch6ucs5og14rfi3o5s093bq33cbrsb.apps.googleusercontent.com",
  "sub": "103782358065851471283",
  "email": "rendou080@gmail.com",
  "email_verified": true,
  "at_hash": "LZB4pJHK4gqQ0Pmt2BJc2A",
  "name": "q qqq",
  "picture": "https://lh6.googleusercontent.com/-7EFOPo4EKpU/AAAAAAAAAAI/AAAAAAAAAAA/AMZuuclCrjhnfCvx-eNsPOqLZFa1f1LYFA/s96-c/photo.jpg",
  "given_name": "q",
  "family_name": "qqq",
  "locale": "ja",
  "iat": 1611666396,
  "exp": 1611669996,
  "jti": "e55de6cddff927357b0a849165aff4f4a5240cbd"
}
[2021-01-26T13:13:05.786] [INFO] default - payload {
  "iss": "accounts.google.com",
  "azp": "25935528938-pdch6ucs5og14rfi3o5s093bq33cbrsb.apps.googleusercontent.com",
  "aud": "25935528938-pdch6ucs5og14rfi3o5s093bq33cbrsb.apps.googleusercontent.com",
  "sub": "103782358065851471283",
  "email": "rendou080@gmail.com",
  "email_verified": true,
  "at_hash": "ZUsUWmhId1J2-WsCqHLRnA",
  "name": "q qqq",
  "picture": "https://lh6.googleusercontent.com/-7EFOPo4EKpU/AAAAAAAAAAI/AAAAAAAAAAA/AMZuuclCrjhnfCvx-eNsPOqLZFa1f1LYFA/s96-c/photo.jpg",
  "given_name": "q",
  "family_name": "qqq",
  "locale": "ja",
  "iat": 1611666784,
  "exp": 1611670384,
  "jti": "3c594b0995a8e359b1cd15ea31e79e8f47c415ef"
}
[2021-01-26T13:14:53.026] [INFO] default - payload {
  "iss": "accounts.google.com",
  "azp": "25935528938-pdch6ucs5og14rfi3o5s093bq33cbrsb.apps.googleusercontent.com",
  "aud": "25935528938-pdch6ucs5og14rfi3o5s093bq33cbrsb.apps.googleusercontent.com",
  "sub": "103782358065851471283",
  "email": "rendou080@gmail.com",
  "email_verified": true,
  "at_hash": "m_swmQ-vJ4dd-yCdxXdViA",
  "name": "q qqq",
  "picture": "https://lh6.googleusercontent.com/-7EFOPo4EKpU/AAAAAAAAAAI/AAAAAAAAAAA/AMZuuclCrjhnfCvx-eNsPOqLZFa1f1LYFA/s96-c/photo.jpg",
  "given_name": "q",
  "family_name": "qqq",
  "locale": "ja",
  "iat": 1611666891,
  "exp": 1611670491,
  "jti": "f4734fbbc1d623987571c9d80d37995fe7f93d97"
}
[2021-01-26T13:15:14.758] [INFO] default - payload {
  "iss": "accounts.google.com",
  "azp": "25935528938-pdch6ucs5og14rfi3o5s093bq33cbrsb.apps.googleusercontent.com",
  "aud": "25935528938-pdch6ucs5og14rfi3o5s093bq33cbrsb.apps.googleusercontent.com",
  "sub": "103782358065851471283",
  "email": "rendou080@gmail.com",
  "email_verified": true,
  "at_hash": "nPYXAb7jGYvbg6e6lNYkhQ",
  "name": "q qqq",
  "picture": "https://lh6.googleusercontent.com/-7EFOPo4EKpU/AAAAAAAAAAI/AAAAAAAAAAA/AMZuuclCrjhnfCvx-eNsPOqLZFa1f1LYFA/s96-c/photo.jpg",
  "given_name": "q",
  "family_name": "qqq",
  "locale": "ja",
  "iat": 1611666913,
  "exp": 1611670513,
  "jti": "08cb7c37abbe24530f346f00b8f1761dc16f575f"
}
[2021-01-27T03:59:17.105] [INFO] default - payload {
  "iss": "accounts.google.com",
  "azp": "25935528938-pdch6ucs5og14rfi3o5s093bq33cbrsb.apps.googleusercontent.com",
  "aud": "25935528938-pdch6ucs5og14rfi3o5s093bq33cbrsb.apps.googleusercontent.com",
  "sub": "103782358065851471283",
  "email": "rendou080@gmail.com",
  "email_verified": true,
  "at_hash": "MT-Ua3CmNOxiogzDiuX9Zw",
  "name": "q qqq",
  "picture": "https://lh6.googleusercontent.com/-7EFOPo4EKpU/AAAAAAAAAAI/AAAAAAAAAAA/AMZuuclCrjhnfCvx-eNsPOqLZFa1f1LYFA/s96-c/photo.jpg",
  "given_name": "q",
  "family_name": "qqq",
  "locale": "ja",
  "iat": 1611719956,
  "exp": 1611723556,
  "jti": "3fe998625301f4428dda1c5eceedeb37c4785962"
}
[2021-01-27T04:00:27.730] [INFO] default - payload {
  "iss": "accounts.google.com",
  "azp": "25935528938-pdch6ucs5og14rfi3o5s093bq33cbrsb.apps.googleusercontent.com",
  "aud": "25935528938-pdch6ucs5og14rfi3o5s093bq33cbrsb.apps.googleusercontent.com",
  "sub": "112334248772067915164",
  "email": "randou080@gmail.com",
  "email_verified": true,
  "at_hash": "RUhr-lCgo9pcfbcbCmxznw",
  "name": "梅田侑希",
  "picture": "https://lh3.googleusercontent.com/a-/AOh14Gi9H9gFtO0KHtvH0RjFNvK7i7ycPBhReE1yVZW9=s96-c",
  "given_name": "侑希",
  "family_name": "梅田",
  "locale": "ja",
  "iat": 1611720027,
  "exp": 1611723627,
  "jti": "45f9ae047e9aa6ce9a2af9094341ae30f29a7171"
}
[2021-01-27T04:00:35.886] [INFO] default - payload {
  "iss": "accounts.google.com",
  "azp": "25935528938-pdch6ucs5og14rfi3o5s093bq33cbrsb.apps.googleusercontent.com",
  "aud": "25935528938-pdch6ucs5og14rfi3o5s093bq33cbrsb.apps.googleusercontent.com",
  "sub": "103782358065851471283",
  "email": "rendou080@gmail.com",
  "email_verified": true,
  "at_hash": "Hn6SakNWoTckXJgsBX2tuA",
  "name": "q qqq",
  "picture": "https://lh6.googleusercontent.com/-7EFOPo4EKpU/AAAAAAAAAAI/AAAAAAAAAAA/AMZuuclCrjhnfCvx-eNsPOqLZFa1f1LYFA/s96-c/photo.jpg",
  "given_name": "q",
  "family_name": "qqq",
  "locale": "ja",
  "iat": 1611720035,
  "exp": 1611723635,
  "jti": "a006a9560758b30bed975192ceaf432de7e988ad"
}
[2021-01-27T04:20:37.321] [INFO] default - payload {
  "iss": "accounts.google.com",
  "azp": "25935528938-pdch6ucs5og14rfi3o5s093bq33cbrsb.apps.googleusercontent.com",
  "aud": "25935528938-pdch6ucs5og14rfi3o5s093bq33cbrsb.apps.googleusercontent.com",
  "sub": "103782358065851471283",
  "email": "rendou080@gmail.com",
  "email_verified": true,
  "at_hash": "3LyT_8fZCAKRB4vwBw0_Wg",
  "name": "q qqq",
  "picture": "https://lh6.googleusercontent.com/-7EFOPo4EKpU/AAAAAAAAAAI/AAAAAAAAAAA/AMZuuclCrjhnfCvx-eNsPOqLZFa1f1LYFA/s96-c/photo.jpg",
  "given_name": "q",
  "family_name": "qqq",
  "locale": "ja",
  "iat": 1611721236,
  "exp": 1611724836,
  "jti": "3dc102ced090882a8ecd5eaf522ef5a68da5f8d2"
}
[2021-01-27T04:21:33.238] [INFO] default - payload {
  "iss": "accounts.google.com",
  "azp": "25935528938-pdch6ucs5og14rfi3o5s093bq33cbrsb.apps.googleusercontent.com",
  "aud": "25935528938-pdch6ucs5og14rfi3o5s093bq33cbrsb.apps.googleusercontent.com",
  "sub": "103782358065851471283",
  "email": "rendou080@gmail.com",
  "email_verified": true,
  "at_hash": "AqX3QoXnUT7dOz5OjMpOcg",
  "name": "q qqq",
  "picture": "https://lh6.googleusercontent.com/-7EFOPo4EKpU/AAAAAAAAAAI/AAAAAAAAAAA/AMZuuclCrjhnfCvx-eNsPOqLZFa1f1LYFA/s96-c/photo.jpg",
  "given_name": "q",
  "family_name": "qqq",
  "locale": "ja",
  "iat": 1611721292,
  "exp": 1611724892,
  "jti": "1fb2045ece80e53a2ec56104d939291e4555b82c"
}
[2021-01-27T04:43:03.461] [INFO] default - payload {
  "iss": "accounts.google.com",
  "azp": "25935528938-pdch6ucs5og14rfi3o5s093bq33cbrsb.apps.googleusercontent.com",
  "aud": "25935528938-pdch6ucs5og14rfi3o5s093bq33cbrsb.apps.googleusercontent.com",
  "sub": "103782358065851471283",
  "email": "rendou080@gmail.com",
  "email_verified": true,
  "at_hash": "wdFAfo2f9efgrowE8Ks1iQ",
  "name": "q qqq",
  "picture": "https://lh6.googleusercontent.com/-7EFOPo4EKpU/AAAAAAAAAAI/AAAAAAAAAAA/AMZuuclCrjhnfCvx-eNsPOqLZFa1f1LYFA/s96-c/photo.jpg",
  "given_name": "q",
  "family_name": "qqq",
  "locale": "ja",
  "iat": 1611722583,
  "exp": 1611726183,
  "jti": "19dee7f8bb93c3d86630a5fe991ab7abe059d322"
}
[2021-01-27T04:43:35.883] [INFO] default - payload {
  "iss": "accounts.google.com",
  "azp": "25935528938-pdch6ucs5og14rfi3o5s093bq33cbrsb.apps.googleusercontent.com",
  "aud": "25935528938-pdch6ucs5og14rfi3o5s093bq33cbrsb.apps.googleusercontent.com",
  "sub": "110338802798629369109",
  "email": "aizucopy1250@gmail.com",
  "email_verified": true,
  "at_hash": "lsjSirvMUwujfQyKo4g6zw",
  "name": "梅侑",
  "picture": "https://lh6.googleusercontent.com/-NDJOaG9n0Iw/AAAAAAAAAAI/AAAAAAAAAAA/AMZuuck46wHmFLfpwEldEhgMGlbnGG3Xig/s96-c/photo.jpg",
  "given_name": "侑",
  "family_name": "梅",
  "locale": "ja",
  "iat": 1611722615,
  "exp": 1611726215,
  "jti": "d3fddac8d1993f257b21fe9ba5e488087825d37f"
}
[2021-01-27T04:43:42.797] [INFO] default - payload {
  "iss": "accounts.google.com",
  "azp": "25935528938-pdch6ucs5og14rfi3o5s093bq33cbrsb.apps.googleusercontent.com",
  "aud": "25935528938-pdch6ucs5og14rfi3o5s093bq33cbrsb.apps.googleusercontent.com",
  "sub": "103782358065851471283",
  "email": "rendou080@gmail.com",
  "email_verified": true,
  "at_hash": "6yL77VB0tveghaBiOBD2yA",
  "name": "q qqq",
  "picture": "https://lh6.googleusercontent.com/-7EFOPo4EKpU/AAAAAAAAAAI/AAAAAAAAAAA/AMZuuclCrjhnfCvx-eNsPOqLZFa1f1LYFA/s96-c/photo.jpg",
  "given_name": "q",
  "family_name": "qqq",
  "locale": "ja",
  "iat": 1611722622,
  "exp": 1611726222,
  "jti": "6351c38330f0834be05e84f7a0a2f3c137d68665"
}
[2021-01-27T04:48:06.319] [INFO] default - payload {
  "iss": "accounts.google.com",
  "azp": "25935528938-pdch6ucs5og14rfi3o5s093bq33cbrsb.apps.googleusercontent.com",
  "aud": "25935528938-pdch6ucs5og14rfi3o5s093bq33cbrsb.apps.googleusercontent.com",
  "sub": "112334248772067915164",
  "email": "randou080@gmail.com",
  "email_verified": true,
  "at_hash": "KiLzW_19Y-1qXtZphc_tog",
  "name": "梅田侑希",
  "picture": "https://lh3.googleusercontent.com/a-/AOh14Gi9H9gFtO0KHtvH0RjFNvK7i7ycPBhReE1yVZW9=s96-c",
  "given_name": "侑希",
  "family_name": "梅田",
  "locale": "ja",
  "iat": 1611722885,
  "exp": 1611726485,
  "jti": "d3ffca12dd809c062ec6c8281c86769742d75480"
}
[2021-01-27T05:07:02.543] [INFO] default - payload {
  "iss": "accounts.google.com",
  "azp": "25935528938-pdch6ucs5og14rfi3o5s093bq33cbrsb.apps.googleusercontent.com",
  "aud": "25935528938-pdch6ucs5og14rfi3o5s093bq33cbrsb.apps.googleusercontent.com",
  "sub": "112334248772067915164",
  "email": "randou080@gmail.com",
  "email_verified": true,
  "at_hash": "n0QRWOrOyuk2d7EyWfTQjg",
  "name": "梅田侑希",
  "picture": "https://lh3.googleusercontent.com/a-/AOh14Gi9H9gFtO0KHtvH0RjFNvK7i7ycPBhReE1yVZW9=s96-c",
  "given_name": "侑希",
  "family_name": "梅田",
  "locale": "ja",
  "iat": 1611724022,
  "exp": 1611727622,
  "jti": "d3f6547a0425db4ac3712048b00656ac07430971"
}
[2021-01-27T05:10:46.589] [INFO] default - request from undefined
[2021-01-27T05:11:46.939] [INFO] default - request from undefined
[2021-01-27T05:11:59.721] [INFO] default - request from undefined
[2021-01-27T05:12:56.324] [INFO] default - request from undefined
[2021-01-27T05:13:27.141] [INFO] default - request from undefined
[2021-01-27T05:13:59.665] [INFO] default - request from undefined
[2021-01-27T05:14:38.734] [INFO] default - request from undefined
[2021-01-27T05:14:50.188] [INFO] default - request from undefined
[2021-01-27T05:15:24.311] [INFO] default - request from undefined
[2021-01-27T05:15:37.021] [INFO] default - payload {
  "iss": "accounts.google.com",
  "azp": "25935528938-pdch6ucs5og14rfi3o5s093bq33cbrsb.apps.googleusercontent.com",
  "aud": "25935528938-pdch6ucs5og14rfi3o5s093bq33cbrsb.apps.googleusercontent.com",
  "sub": "103782358065851471283",
  "email": "rendou080@gmail.com",
  "email_verified": true,
  "at_hash": "AW5TpEVRhtNQS7H9UubGWA",
  "name": "q qqq",
  "picture": "https://lh6.googleusercontent.com/-7EFOPo4EKpU/AAAAAAAAAAI/AAAAAAAAAAA/AMZuuclCrjhnfCvx-eNsPOqLZFa1f1LYFA/s96-c/photo.jpg",
  "given_name": "q",
  "family_name": "qqq",
  "locale": "ja",
  "iat": 1611724536,
  "exp": 1611728136,
  "jti": "323888667b61670288a5d5204c779026d3f3099b"
}
[2021-01-27T05:15:54.461] [INFO] default - request from q qqq
[2021-01-27T05:16:05.962] [INFO] default - request from q qqq
[2021-01-27T05:17:02.075] [INFO] default - request from q qqq to /
[2021-01-27T05:17:12.807] [INFO] default - request from q qqq to "/"
[2021-01-27T09:30:50.373] [INFO] default - request from undefined to "/"
[2021-01-27T09:33:09.634] [INFO] default - request from undefined to "/"
[2021-01-27T09:33:43.543] [INFO] default - request from undefined to "/"
[2021-01-27T09:33:50.461] [INFO] default - request from undefined to "/"
[2021-01-27T09:34:02.029] [INFO] default - request from undefined to "/"
[2021-01-27T09:53:16.282] [INFO] default - request from q qqq to "/"
[2021-01-27T09:55:18.502] [INFO] default - request from q qqq to "/"
[2021-01-27T09:57:11.077] [INFO] default - request from q qqq to "/"
[2021-01-27T09:57:20.186] [INFO] default - request from undefined to "/"
[2021-01-27T09:58:02.364] [INFO] default - request from undefined to "/"
[2021-01-27T09:58:20.095] [INFO] default - request from q qqq to "/"
[2021-01-27T09:58:22.369] [INFO] default - request from q qqq to "/"
[2021-01-27T09:59:58.465] [INFO] default - request from q qqq to "/"
[2021-01-27T10:00:24.668] [INFO] default - request from q qqq to "/"
[2021-01-27T10:00:56.211] [INFO] default - request from undefined to "/"
[2021-01-27T10:01:10.512] [INFO] default - payload {
  "iss": "accounts.google.com",
  "azp": "25935528938-pdch6ucs5og14rfi3o5s093bq33cbrsb.apps.googleusercontent.com",
  "aud": "25935528938-pdch6ucs5og14rfi3o5s093bq33cbrsb.apps.googleusercontent.com",
  "sub": "103782358065851471283",
  "email": "rendou080@gmail.com",
  "email_verified": true,
  "at_hash": "tHvTpmP4YZ3r43C-0yTuEw",
  "name": "q qqq",
  "picture": "https://lh6.googleusercontent.com/-7EFOPo4EKpU/AAAAAAAAAAI/AAAAAAAAAAA/AMZuuclCrjhnfCvx-eNsPOqLZFa1f1LYFA/s96-c/photo.jpg",
  "given_name": "q",
  "family_name": "qqq",
  "locale": "ja",
  "iat": 1611741670,
  "exp": 1611745270,
  "jti": "c8352cf817b0de7d3fa22b3e5766d866bd3e3039"
}
[2021-01-27T10:01:10.562] [INFO] default - request from q qqq to "/"
